[2020-10-22 01:22:12] app.INFO: Protect vendor folder in module contactform [] []
[2020-10-22 01:22:12] app.INFO: Module contactform has no vendor folder [] []
[2020-10-22 01:22:13] app.INFO: Protect vendor folder in module dashactivity [] []
[2020-10-22 01:22:13] app.INFO: Module dashactivity has no vendor folder [] []
[2020-10-22 01:22:13] app.INFO: Protect vendor folder in module dashtrends [] []
[2020-10-22 01:22:13] app.INFO: Module dashtrends has no vendor folder [] []
[2020-10-22 01:22:14] app.INFO: Protect vendor folder in module dashgoals [] []
[2020-10-22 01:22:14] app.INFO: Module dashgoals has no vendor folder [] []
[2020-10-22 01:22:15] app.INFO: Protect vendor folder in module dashproducts [] []
[2020-10-22 01:22:15] app.INFO: Module dashproducts has no vendor folder [] []
[2020-10-22 01:22:15] app.INFO: Protect vendor folder in module graphnvd3 [] []
[2020-10-22 01:22:15] app.INFO: Module graphnvd3 has no vendor folder [] []
[2020-10-22 01:22:15] app.INFO: Protect vendor folder in module gridhtml [] []
[2020-10-22 01:22:15] app.INFO: Module gridhtml has no vendor folder [] []
[2020-10-22 01:22:16] app.INFO: Protect vendor folder in module gsitemap [] []
[2020-10-22 01:22:16] app.INFO: Module gsitemap has no vendor folder [] []
[2020-10-22 01:22:16] app.INFO: Protect vendor folder in module ps_banner [] []
[2020-10-22 01:22:16] app.INFO: Module ps_banner has no vendor folder [] []
[2020-10-22 01:22:16] app.INFO: Protect vendor folder in module ps_categorytree [] []
[2020-10-22 01:22:16] app.INFO: Module ps_categorytree has no vendor folder [] []
[2020-10-22 01:22:17] app.INFO: Protect vendor folder in module ps_checkpayment [] []
[2020-10-22 01:22:17] app.INFO: Module ps_checkpayment has no vendor folder [] []
[2020-10-22 01:22:17] app.INFO: Protect vendor folder in module ps_contactinfo [] []
[2020-10-22 01:22:17] app.INFO: Module ps_contactinfo has no vendor folder [] []
[2020-10-22 01:22:17] app.INFO: Protect vendor folder in module ps_currencyselector [] []
[2020-10-22 01:22:17] app.INFO: Module ps_currencyselector has no vendor folder [] []
[2020-10-22 01:22:17] app.INFO: Protect vendor folder in module ps_customeraccountlinks [] []
[2020-10-22 01:22:17] app.INFO: Module ps_customeraccountlinks has no vendor folder [] []
[2020-10-22 01:22:18] app.INFO: Protect vendor folder in module ps_customersignin [] []
[2020-10-22 01:22:18] app.INFO: Module ps_customersignin has no vendor folder [] []
[2020-10-22 01:22:18] app.INFO: Protect vendor folder in module ps_customtext [] []
[2020-10-22 01:22:18] app.INFO: Module ps_customtext has no vendor folder [] []
[2020-10-22 01:22:19] app.INFO: Protect vendor folder in module ps_emailsubscription [] []
[2020-10-22 01:22:19] app.INFO: Module ps_emailsubscription has no vendor folder [] []
[2020-10-22 01:22:22] app.INFO: Protect vendor folder in module ps_facetedsearch [] []
[2020-10-22 01:22:22] app.INFO: Module ps_facetedsearch has no vendor folder [] []
[2020-10-22 01:22:22] app.INFO: Protect vendor folder in module ps_faviconnotificationbo [] []
[2020-10-22 01:22:22] app.INFO: Module ps_faviconnotificationbo has no vendor folder [] []
[2020-10-22 01:22:23] app.INFO: Protect vendor folder in module ps_featuredproducts [] []
[2020-10-22 01:22:23] app.INFO: Module ps_featuredproducts has no vendor folder [] []
[2020-10-22 01:22:24] app.INFO: Protect vendor folder in module ps_imageslider [] []
[2020-10-22 01:22:24] app.INFO: Module ps_imageslider has no vendor folder [] []
[2020-10-22 01:22:24] app.INFO: Protect vendor folder in module ps_languageselector [] []
[2020-10-22 01:22:24] app.INFO: Module ps_languageselector has no vendor folder [] []
[2020-10-22 01:22:25] app.INFO: Protect vendor folder in module ps_linklist [] []
[2020-10-22 01:22:25] app.INFO: Module ps_linklist has no vendor folder [] []
[2020-10-22 01:22:25] app.ERROR: Class "AdminLinkWidgetController" not found in controllers/admin [] []
[2020-10-22 01:22:27] app.INFO: Protect vendor folder in module ps_mainmenu [] []
[2020-10-22 01:22:27] app.INFO: Module ps_mainmenu has no vendor folder [] []
[2020-10-22 01:22:27] app.INFO: Protect vendor folder in module ps_searchbar [] []
[2020-10-22 01:22:27] app.INFO: Module ps_searchbar has no vendor folder [] []
[2020-10-22 01:22:27] app.INFO: Protect vendor folder in module ps_sharebuttons [] []
[2020-10-22 01:22:27] app.INFO: Module ps_sharebuttons has no vendor folder [] []
[2020-10-22 01:22:27] app.INFO: Protect vendor folder in module ps_shoppingcart [] []
[2020-10-22 01:22:27] app.INFO: Module ps_shoppingcart has no vendor folder [] []
[2020-10-22 01:22:28] app.INFO: Protect vendor folder in module ps_socialfollow [] []
[2020-10-22 01:22:28] app.INFO: Module ps_socialfollow has no vendor folder [] []
[2020-10-22 01:22:28] app.INFO: Protect vendor folder in module ps_themecusto [] []
[2020-10-22 01:22:28] app.INFO: Module ps_themecusto has no vendor folder [] []
[2020-10-22 01:22:28] app.INFO: Protect vendor folder in module ps_wirepayment [] []
[2020-10-22 01:22:28] app.INFO: Module ps_wirepayment has no vendor folder [] []
[2020-10-22 01:22:29] app.INFO: Protect vendor folder in module pagesnotfound [] []
[2020-10-22 01:22:29] app.INFO: Module pagesnotfound has no vendor folder [] []
[2020-10-22 01:22:29] app.INFO: Protect vendor folder in module sekeywords [] []
[2020-10-22 01:22:29] app.INFO: Module sekeywords has no vendor folder [] []
[2020-10-22 01:22:29] app.INFO: Protect vendor folder in module statsbestcategories [] []
[2020-10-22 01:22:29] app.INFO: Module statsbestcategories has no vendor folder [] []
[2020-10-22 01:22:29] app.INFO: Protect vendor folder in module statsbestcustomers [] []
[2020-10-22 01:22:29] app.INFO: Module statsbestcustomers has no vendor folder [] []
[2020-10-22 01:22:30] app.INFO: Protect vendor folder in module statsbestproducts [] []
[2020-10-22 01:22:30] app.INFO: Module statsbestproducts has no vendor folder [] []
[2020-10-22 01:22:30] app.INFO: Protect vendor folder in module statsbestsuppliers [] []
[2020-10-22 01:22:30] app.INFO: Module statsbestsuppliers has no vendor folder [] []
[2020-10-22 01:22:30] app.INFO: Protect vendor folder in module statsbestvouchers [] []
[2020-10-22 01:22:30] app.INFO: Module statsbestvouchers has no vendor folder [] []
[2020-10-22 01:22:30] app.INFO: Protect vendor folder in module statscarrier [] []
[2020-10-22 01:22:30] app.INFO: Module statscarrier has no vendor folder [] []
[2020-10-22 01:22:30] app.INFO: Protect vendor folder in module statscatalog [] []
[2020-10-22 01:22:30] app.INFO: Module statscatalog has no vendor folder [] []
[2020-10-22 01:22:31] app.INFO: Protect vendor folder in module statscheckup [] []
[2020-10-22 01:22:31] app.INFO: Module statscheckup has no vendor folder [] []
[2020-10-22 01:22:31] app.INFO: Protect vendor folder in module statsdata [] []
[2020-10-22 01:22:31] app.INFO: Module statsdata has no vendor folder [] []
[2020-10-22 01:22:31] app.INFO: Protect vendor folder in module statsequipment [] []
[2020-10-22 01:22:31] app.INFO: Module statsequipment has no vendor folder [] []
[2020-10-22 01:22:32] app.INFO: Protect vendor folder in module statsforecast [] []
[2020-10-22 01:22:32] app.INFO: Module statsforecast has no vendor folder [] []
[2020-10-22 01:22:32] app.INFO: Protect vendor folder in module statslive [] []
[2020-10-22 01:22:32] app.INFO: Module statslive has no vendor folder [] []
[2020-10-22 01:22:32] app.INFO: Protect vendor folder in module statsnewsletter [] []
[2020-10-22 01:22:32] app.INFO: Module statsnewsletter has no vendor folder [] []
[2020-10-22 01:22:32] app.INFO: Protect vendor folder in module statsorigin [] []
[2020-10-22 01:22:32] app.INFO: Module statsorigin has no vendor folder [] []
[2020-10-22 01:22:33] app.INFO: Protect vendor folder in module statspersonalinfos [] []
[2020-10-22 01:22:33] app.INFO: Module statspersonalinfos has no vendor folder [] []
[2020-10-22 01:22:33] app.INFO: Protect vendor folder in module statsproduct [] []
[2020-10-22 01:22:33] app.INFO: Module statsproduct has no vendor folder [] []
[2020-10-22 01:22:33] app.INFO: Protect vendor folder in module statsregistrations [] []
[2020-10-22 01:22:33] app.INFO: Module statsregistrations has no vendor folder [] []
[2020-10-22 01:22:34] app.INFO: Protect vendor folder in module statssales [] []
[2020-10-22 01:22:34] app.INFO: Module statssales has no vendor folder [] []
[2020-10-22 01:22:34] app.INFO: Protect vendor folder in module statssearch [] []
[2020-10-22 01:22:34] app.INFO: Module statssearch has no vendor folder [] []
[2020-10-22 01:22:34] app.INFO: Protect vendor folder in module statsstock [] []
[2020-10-22 01:22:34] app.INFO: Module statsstock has no vendor folder [] []
[2020-10-22 01:22:34] app.INFO: Protect vendor folder in module statsvisits [] []
[2020-10-22 01:22:34] app.INFO: Module statsvisits has no vendor folder [] []
[2020-10-22 01:22:35] app.INFO: Protect vendor folder in module welcome [] []
[2020-10-22 01:22:40] app.INFO: Exporting mail with theme modern for language Español (Spanish) [] []
[2020-10-22 01:22:40] app.INFO: Core output folder: C:\wamp64\www\tienda/mails [] []
[2020-10-22 01:22:40] app.INFO: Modules output folder: C:\wamp64\www\tienda/modules/ [] []
[2020-10-22 01:22:44] app.INFO: Exporting mail with theme modern for language Español MX (Spanish) [] []
[2020-10-22 01:22:44] app.INFO: Core output folder: C:\wamp64\www\tienda/mails [] []
[2020-10-22 01:22:44] app.INFO: Modules output folder: C:\wamp64\www\tienda/modules/ [] []
[2020-10-22 20:20:46] request.INFO: Matched route "admin_themes_index". {"route":"admin_themes_index","route_parameters":{"_controller":"PrestaShopBundle\\Controller\\Admin\\Improve\\Design\\ThemeController::indexAction","_legacy_controller":"AdminThemes","_legacy_link":"AdminThemes","_route":"admin_themes_index"},"request_uri":"http://localhost/tienda/admin300kta6in/index.php/improve/design/themes/?_token=i_8h5TgoxonaDo_tE4nzchm_8y4S1mTyBoEykDPZE9E","method":"GET"} []
[2020-10-22 20:20:46] security.DEBUG: Read existing security token from the session. {"key":"_security_main","token_class":"Symfony\\Component\\Security\\Core\\Authentication\\Token\\UsernamePasswordToken"} []
[2020-10-22 20:20:46] security.DEBUG: User was reloaded from a user provider. {"provider":"PrestaShopBundle\\Security\\Admin\\EmployeeProvider","username":"al221611853@gmail.com"} []
[2020-10-22 20:21:03] request.CRITICAL: Uncaught PHP Exception Symfony\Component\Debug\Exception\FatalErrorException: "Error: Maximum execution time of 120 seconds exceeded" at C:\wamp64\www\tienda\vendor\smarty\smarty\libs\sysplugins\smarty_internal_runtime_writefile.php line 58 {"exception":"[object] (Symfony\\Component\\Debug\\Exception\\FatalErrorException(code: 0): Error: Maximum execution time of 120 seconds exceeded at C:\\wamp64\\www\\tienda\\vendor\\smarty\\smarty\\libs\\sysplugins\\smarty_internal_runtime_writefile.php:58)"} []
[2020-10-22 20:21:03] security.DEBUG: Stored the security token in the session. {"key":"_security_main"} []
